<?xml version="1.0" encoding="UTF-8"?>
<testng-results ignored="1" total="3" passed="2" failed="0" skipped="0">
  <reporter-output>
  </reporter-output>
  <suite started-at="2022-09-05T09:18:17 IST" name="Orange HRM Application Automation Test Suite" finished-at="2022-09-05T09:18:32 IST" duration-ms="15278">
    <groups>
    </groups>
    <test started-at="2022-09-05T09:18:17 IST" name="Orange HRM App Test Cases" finished-at="2022-09-05T09:18:32 IST" duration-ms="15278">
      <class name="com.OrangeJenkin.qa.testcases.LoginPageTest">
        <test-method is-config="true" signature="setUP()[pri:0, instance:com.OrangeJenkin.qa.testcases.LoginPageTest@2a798d51]" started-at="2022-09-05T09:18:17 IST" name="setUP" finished-at="2022-09-05T09:18:25 IST" duration-ms="7523" status="PASS">
          <reporter-output>
          </reporter-output>
        </test-method> <!-- setUP -->
        <test-method signature="loinPageTitleTest()[pri:1, instance:com.OrangeJenkin.qa.testcases.LoginPageTest@2a798d51]" started-at="2022-09-05T09:18:25 IST" name="loinPageTitleTest" finished-at="2022-09-05T09:18:25 IST" duration-ms="22" status="PASS">
          <reporter-output>
          </reporter-output>
        </test-method> <!-- loinPageTitleTest -->
        <test-method is-config="true" signature="tearDown()[pri:0, instance:com.OrangeJenkin.qa.testcases.LoginPageTest@2a798d51]" started-at="2022-09-05T09:18:25 IST" name="tearDown" finished-at="2022-09-05T09:18:25 IST" duration-ms="251" status="PASS">
          <reporter-output>
          </reporter-output>
        </test-method> <!-- tearDown -->
        <test-method is-config="true" signature="setUP()[pri:0, instance:com.OrangeJenkin.qa.testcases.LoginPageTest@2a798d51]" started-at="2022-09-05T09:18:25 IST" name="setUP" finished-at="2022-09-05T09:18:31 IST" duration-ms="6300" status="PASS">
          <reporter-output>
          </reporter-output>
        </test-method> <!-- setUP -->
        <test-method signature="loginTest()[pri:3, instance:com.OrangeJenkin.qa.testcases.LoginPageTest@2a798d51]" started-at="2022-09-05T09:18:31 IST" name="loginTest" finished-at="2022-09-05T09:18:32 IST" duration-ms="824" status="PASS">
          <reporter-output>
          </reporter-output>
        </test-method> <!-- loginTest -->
        <test-method is-config="true" signature="tearDown()[pri:0, instance:com.OrangeJenkin.qa.testcases.LoginPageTest@2a798d51]" started-at="2022-09-05T09:18:32 IST" name="tearDown" finished-at="2022-09-05T09:18:32 IST" duration-ms="319" status="PASS">
          <reporter-output>
          </reporter-output>
        </test-method> <!-- tearDown -->
      </class> <!-- com.OrangeJenkin.qa.testcases.LoginPageTest -->
    </test> <!-- Orange HRM App Test Cases -->
  </suite> <!-- Orange HRM Application Automation Test Suite -->
</testng-results>
