<?xml version="1.0" encoding="UTF-8"?>
<!-- Generated by org.testng.reporters.JUnitXMLReporter -->
<testsuite ignored="1" hostname="LAPTOP-ST4CJVNU" failures="0" tests="2" name="Default test" time="18.039" errors="0" timestamp="2022-09-05T09:13:13 IST">
  <testcase classname="com.OrangeJenkin.qa.testcases.LoginPageTest" name="loinPageTitleTest" time="0.021"/>
  <testcase classname="com.OrangeJenkin.qa.testcases.LoginPageTest" name="loginTest" time="0.82"/>
  <testcase classname="com.OrangeJenkin.qa.testcases.LoginPageTest" name="OrangeHRMImageTest" time="0.0">
    <ignored/>
  </testcase> <!-- OrangeHRMImageTest -->
</testsuite> <!-- Default test -->
